  YCNW.cpp
C:\Users\anyc1\Documents\github\YCNW\YCNW\yc_net.hpp(170,1): warning C4267: '=': 'size_t'에서 'unsigned int'(으)로 변환하면서 데이터가 손실될 수 있습니다.
C:\Users\anyc1\Documents\github\YCNW\YCNW\YCNW.cpp(62): message : 컴파일되는 함수 템플릿 인스턴스화 'void yc_net::send<p_packet01_t>(T *,yc::socket_t)'에 대한 참조를 확인하세요.
          with
          [
              T=p_packet01_t
          ]
C:\Program Files\Microsoft Visual Studio\2022\Professional\VC\Tools\MSVC\14.31.31103\include\type_traits(1490,98): warning C4244: '인수': '_Ty'에서 'int'(으)로 변환하면서 데이터가 손실될 수 있습니다.
          with
          [
              _Ty=yc::socket_t
          ]
C:\Program Files\Microsoft Visual Studio\2022\Professional\VC\Tools\MSVC\14.31.31103\include\functional(663): message : 컴파일되는 함수 템플릿 인스턴스화 'void std::invoke<_Callable&,_Ty,unsigned __int64>(PacketEvent::bind_event::<lambda_1>&,_Ty1 &&,unsigned __int64 &&) noexcept(false)'에 대한 참조를 확인하세요.
          with
          [
              _Callable=PacketEvent::bind_event::<lambda_1>,
              _Ty=void *,
              _Ty1=void *
          ]
C:\Program Files\Microsoft Visual Studio\2022\Professional\VC\Tools\MSVC\14.31.31103\include\functional(832): message : 컴파일되는 함수 템플릿 인스턴스화 'void std::_Invoker_ret<_Rx,true>::_Call<_Callable&,_Ty,unsigned __int64>(_Fx,_Ty &&,unsigned __int64 &&) noexcept(false)'에 대한 참조를 확인하세요.
          with
          [
              _Rx=void,
              _Callable=PacketEvent::bind_event::<lambda_1>,
              _Ty=void *,
              _Fx=PacketEvent::bind_event::<lambda_1> &
          ]
C:\Program Files\Microsoft Visual Studio\2022\Professional\VC\Tools\MSVC\14.31.31103\include\functional(833): message : 컴파일되는 함수 템플릿 인스턴스화 'void std::_Invoker_ret<_Rx,true>::_Call<_Callable&,_Ty,unsigned __int64>(_Fx,_Ty &&,unsigned __int64 &&) noexcept(false)'에 대한 참조를 확인하세요.
          with
          [
              _Rx=void,
              _Callable=PacketEvent::bind_event::<lambda_1>,
              _Ty=void *,
              _Fx=PacketEvent::bind_event::<lambda_1> &
          ]
C:\Program Files\Microsoft Visual Studio\2022\Professional\VC\Tools\MSVC\14.31.31103\include\functional(832): message : 클래스 템플릿 멤버 함수 '_Rx std::_Func_impl_no_alloc<PacketEvent::bind_event::<lambda_1>,_Rx,void *,yc::socket_t>::_Do_call(void *&&,yc::socket_t &&)'을(를) 컴파일하는 중입니다.
          with
          [
              _Rx=void
          ]
C:\Program Files\Microsoft Visual Studio\2022\Professional\VC\Tools\MSVC\14.31.31103\include\functional(730): message : 컴파일되는 클래스 템플릿 인스턴스화 'std::_Func_impl_no_alloc<PacketEvent::bind_event::<lambda_1>,_Ret,void *,yc::socket_t>'에 대한 참조를 확인하세요.
          with
          [
              _Ret=void
          ]
C:\Program Files\Microsoft Visual Studio\2022\Professional\VC\Tools\MSVC\14.31.31103\include\functional(922): message : 컴파일되는 변수 템플릿 'const bool _Is_large<std::_Func_impl_no_alloc<`PacketEvent::bind_event<p_test_packet_t,`main'::`2'::<lambda_3> >'::`2'::<lambda_1>,void,void *,unsigned __int64> >'에 대한 참조를 확인하세요.
C:\Program Files\Microsoft Visual Studio\2022\Professional\VC\Tools\MSVC\14.31.31103\include\functional(1053): message : 컴파일되는 함수 템플릿 인스턴스화 'void std::_Func_class<_Ret,void *,yc::socket_t>::_Reset<PacketEvent::bind_event::<lambda_1>>(_Fx &&)'에 대한 참조를 확인하세요.
          with
          [
              _Ret=void,
              _Fx=PacketEvent::bind_event::<lambda_1>
          ]
C:\Program Files\Microsoft Visual Studio\2022\Professional\VC\Tools\MSVC\14.31.31103\include\functional(1053): message : 컴파일되는 함수 템플릿 인스턴스화 'void std::_Func_class<_Ret,void *,yc::socket_t>::_Reset<PacketEvent::bind_event::<lambda_1>>(_Fx &&)'에 대한 참조를 확인하세요.
          with
          [
              _Ret=void,
              _Fx=PacketEvent::bind_event::<lambda_1>
          ]
C:\Users\anyc1\Documents\github\YCNW\YCNW\yc_packet.hpp(75): message : 컴파일되는 함수 템플릿 인스턴스화 'std::function<void (void *,yc::socket_t)>::function<PacketEvent::bind_event::<lambda_1>,0>(_Fx)'에 대한 참조를 확인하세요.
          with
          [
              _Fx=PacketEvent::bind_event::<lambda_1>
          ]
C:\Users\anyc1\Documents\github\YCNW\YCNW\yc_packet.hpp(75): message : 컴파일되는 함수 템플릿 인스턴스화 'std::function<void (void *,yc::socket_t)>::function<PacketEvent::bind_event::<lambda_1>,0>(_Fx)'에 대한 참조를 확인하세요.
          with
          [
              _Fx=PacketEvent::bind_event::<lambda_1>
          ]
C:\Users\anyc1\Documents\github\YCNW\YCNW\yc_packet.hpp(177): message : 컴파일되는 함수 템플릿 인스턴스화 'void PacketEvent::bind_event<T,F>(F)'에 대한 참조를 확인하세요.
          with
          [
              T=p_test_packet_t,
              F=main::<lambda_3>
          ]
C:\Users\anyc1\Documents\github\YCNW\YCNW\yc_packet.hpp(186): message : 컴파일되는 함수 템플릿 인스턴스화 'void ioev::Signal<T,F>(F)'에 대한 참조를 확인하세요.
          with
          [
              T=p_test_packet_t,
              F=main::<lambda_3>
          ]
C:\Users\anyc1\Documents\github\YCNW\YCNW\YCNW.cpp(62): message : 컴파일되는 함수 템플릿 인스턴스화 'void yc_net::bind_ev<p_test_packet_t,main::<lambda_3>>(F)'에 대한 참조를 확인하세요.
          with
          [
              F=main::<lambda_3>
          ]
  코드를 생성하고 있습니다.
  Previous IPDB not found, fall back to full compilation.
  All 2345 functions were compiled because no usable IPDB/IOBJ from previous compilation was found.
  코드를 생성했습니다.
  YCNW.vcxproj -> C:\Users\anyc1\Documents\github\YCNW\x64\Release\YCNW.exe
